mode: set
github.com/papeben/Gatehouse/formpage.go:33.80,45.2 1 1
github.com/papeben/Gatehouse/formpage.go:46.84,58.2 1 1
github.com/papeben/Gatehouse/formpage.go:59.75,71.2 1 1
github.com/papeben/Gatehouse/formpage.go:72.77,84.2 1 1
github.com/papeben/Gatehouse/formpage.go:85.76,97.2 1 1
github.com/papeben/Gatehouse/formpage.go:98.47,110.2 1 1
github.com/papeben/Gatehouse/formpage.go:111.55,123.2 1 1
github.com/papeben/Gatehouse/formpage.go:125.56,137.2 1 0
github.com/papeben/Gatehouse/handlers.go:15.71,17.16 2 0
github.com/papeben/Gatehouse/handlers.go:17.16,18.13 1 0
github.com/papeben/Gatehouse/handlers.go:22.72,25.16 3 0
github.com/papeben/Gatehouse/handlers.go:25.16,26.13 1 0
github.com/papeben/Gatehouse/handlers.go:30.80,32.16 2 0
github.com/papeben/Gatehouse/handlers.go:32.16,33.13 1 0
github.com/papeben/Gatehouse/handlers.go:37.78,39.16 2 0
github.com/papeben/Gatehouse/handlers.go:39.16,40.13 1 0
github.com/papeben/Gatehouse/handlers.go:44.74,46.16 2 0
github.com/papeben/Gatehouse/handlers.go:46.16,47.13 1 0
github.com/papeben/Gatehouse/handlers.go:51.82,53.33 2 0
github.com/papeben/Gatehouse/handlers.go:53.33,55.17 2 0
github.com/papeben/Gatehouse/handlers.go:55.17,56.14 1 0
github.com/papeben/Gatehouse/handlers.go:58.8,60.17 2 0
github.com/papeben/Gatehouse/handlers.go:60.17,61.14 1 0
github.com/papeben/Gatehouse/handlers.go:66.83,68.52 2 0
github.com/papeben/Gatehouse/handlers.go:68.52,72.17 4 0
github.com/papeben/Gatehouse/handlers.go:72.17,73.14 1 0
github.com/papeben/Gatehouse/handlers.go:75.8,77.17 2 0
github.com/papeben/Gatehouse/handlers.go:77.17,78.14 1 0
github.com/papeben/Gatehouse/handlers.go:83.84,85.16 2 0
github.com/papeben/Gatehouse/handlers.go:85.16,87.3 1 0
github.com/papeben/Gatehouse/handlers.go:87.8,87.135 1 0
github.com/papeben/Gatehouse/handlers.go:87.135,89.17 2 0
github.com/papeben/Gatehouse/handlers.go:89.17,90.14 1 0
github.com/papeben/Gatehouse/handlers.go:92.8,92.90 1 0
github.com/papeben/Gatehouse/handlers.go:92.90,94.3 1 0
github.com/papeben/Gatehouse/handlers.go:94.8,96.17 2 0
github.com/papeben/Gatehouse/handlers.go:96.17,97.14 1 0
github.com/papeben/Gatehouse/handlers.go:102.81,103.55 1 0
github.com/papeben/Gatehouse/handlers.go:103.55,106.3 2 0
github.com/papeben/Gatehouse/handlers.go:106.8,109.3 2 0
github.com/papeben/Gatehouse/handlers.go:112.72,115.16 3 0
github.com/papeben/Gatehouse/handlers.go:118.2,118.19 1 0
github.com/papeben/Gatehouse/handlers.go:115.16,117.3 1 0
github.com/papeben/Gatehouse/handlers.go:118.19,121.3 2 0
github.com/papeben/Gatehouse/handlers.go:121.8,123.17 2 0
github.com/papeben/Gatehouse/handlers.go:126.3,139.41 4 0
github.com/papeben/Gatehouse/handlers.go:123.17,124.14 1 0
github.com/papeben/Gatehouse/handlers.go:139.41,142.4 2 0
github.com/papeben/Gatehouse/handlers.go:142.9,142.24 1 0
github.com/papeben/Gatehouse/handlers.go:142.24,143.14 1 0
github.com/papeben/Gatehouse/handlers.go:144.9,144.32 1 0
github.com/papeben/Gatehouse/handlers.go:144.32,147.4 2 0
github.com/papeben/Gatehouse/handlers.go:147.9,148.30 1 0
github.com/papeben/Gatehouse/handlers.go:157.4,159.18 3 0
github.com/papeben/Gatehouse/handlers.go:162.4,182.18 4 0
github.com/papeben/Gatehouse/handlers.go:148.30,151.19 3 0
github.com/papeben/Gatehouse/handlers.go:151.19,152.16 1 0
github.com/papeben/Gatehouse/handlers.go:154.10,156.5 1 0
github.com/papeben/Gatehouse/handlers.go:159.18,160.15 1 0
github.com/papeben/Gatehouse/handlers.go:182.18,183.15 1 0
github.com/papeben/Gatehouse/handlers.go:192.74,202.38 2 0
github.com/papeben/Gatehouse/handlers.go:202.38,205.3 2 0
github.com/papeben/Gatehouse/handlers.go:205.8,207.17 2 0
github.com/papeben/Gatehouse/handlers.go:210.3,213.27 3 0
github.com/papeben/Gatehouse/handlers.go:207.17,208.14 1 0
github.com/papeben/Gatehouse/handlers.go:213.27,215.4 1 0
github.com/papeben/Gatehouse/handlers.go:215.9,215.24 1 0
github.com/papeben/Gatehouse/handlers.go:215.24,216.14 1 0
github.com/papeben/Gatehouse/handlers.go:217.9,219.22 2 0
github.com/papeben/Gatehouse/handlers.go:219.22,221.5 1 0
github.com/papeben/Gatehouse/handlers.go:221.10,221.99 1 0
github.com/papeben/Gatehouse/handlers.go:221.99,227.19 5 0
github.com/papeben/Gatehouse/handlers.go:230.5,232.27 2 0
github.com/papeben/Gatehouse/handlers.go:227.19,228.16 1 0
github.com/papeben/Gatehouse/handlers.go:232.27,235.20 3 0
github.com/papeben/Gatehouse/handlers.go:238.6,254.20 3 0
github.com/papeben/Gatehouse/handlers.go:258.6,259.20 2 0
github.com/papeben/Gatehouse/handlers.go:265.6,266.20 2 0
github.com/papeben/Gatehouse/handlers.go:235.20,236.17 1 0
github.com/papeben/Gatehouse/handlers.go:254.20,255.17 1 0
github.com/papeben/Gatehouse/handlers.go:259.20,263.7 3 0
github.com/papeben/Gatehouse/handlers.go:266.20,267.17 1 0
github.com/papeben/Gatehouse/handlers.go:269.11,271.20 2 0
github.com/papeben/Gatehouse/handlers.go:274.6,275.20 2 0
github.com/papeben/Gatehouse/handlers.go:271.20,272.17 1 0
github.com/papeben/Gatehouse/handlers.go:275.20,276.17 1 0
github.com/papeben/Gatehouse/handlers.go:279.10,281.5 1 0
github.com/papeben/Gatehouse/handlers.go:286.77,292.120 5 0
github.com/papeben/Gatehouse/handlers.go:292.120,294.17 2 0
github.com/papeben/Gatehouse/handlers.go:297.3,300.17 4 0
github.com/papeben/Gatehouse/handlers.go:303.3,304.51 2 0
github.com/papeben/Gatehouse/handlers.go:294.17,295.14 1 0
github.com/papeben/Gatehouse/handlers.go:300.17,301.14 1 0
github.com/papeben/Gatehouse/handlers.go:305.8,308.3 2 0
github.com/papeben/Gatehouse/handlers.go:311.81,313.33 2 0
github.com/papeben/Gatehouse/handlers.go:313.33,315.17 2 0
github.com/papeben/Gatehouse/handlers.go:315.17,316.14 1 0
github.com/papeben/Gatehouse/handlers.go:318.8,320.17 2 0
github.com/papeben/Gatehouse/handlers.go:320.17,321.14 1 0
github.com/papeben/Gatehouse/handlers.go:326.74,331.76 4 0
github.com/papeben/Gatehouse/handlers.go:331.76,333.17 2 0
github.com/papeben/Gatehouse/handlers.go:336.3,340.27 4 0
github.com/papeben/Gatehouse/handlers.go:333.17,334.14 1 0
github.com/papeben/Gatehouse/handlers.go:340.27,343.4 2 0
github.com/papeben/Gatehouse/handlers.go:343.9,343.24 1 0
github.com/papeben/Gatehouse/handlers.go:343.24,344.14 1 0
github.com/papeben/Gatehouse/handlers.go:345.9,347.18 2 0
github.com/papeben/Gatehouse/handlers.go:350.4,351.18 2 0
github.com/papeben/Gatehouse/handlers.go:347.18,348.15 1 0
github.com/papeben/Gatehouse/handlers.go:351.18,352.15 1 0
github.com/papeben/Gatehouse/handlers.go:355.8,358.3 2 0
github.com/papeben/Gatehouse/handlers.go:361.72,371.16 3 0
github.com/papeben/Gatehouse/handlers.go:371.16,374.3 2 0
github.com/papeben/Gatehouse/handlers.go:374.8,376.17 2 0
github.com/papeben/Gatehouse/handlers.go:379.3,382.17 3 0
github.com/papeben/Gatehouse/handlers.go:386.3,387.41 2 0
github.com/papeben/Gatehouse/handlers.go:376.17,377.14 1 0
github.com/papeben/Gatehouse/handlers.go:382.17,383.14 1 0
github.com/papeben/Gatehouse/handlers.go:387.41,388.14 1 0
github.com/papeben/Gatehouse/handlers.go:389.9,389.34 1 0
github.com/papeben/Gatehouse/handlers.go:389.34,392.4 2 0
github.com/papeben/Gatehouse/handlers.go:392.9,392.62 1 0
github.com/papeben/Gatehouse/handlers.go:392.62,394.4 1 0
github.com/papeben/Gatehouse/handlers.go:394.9,394.32 1 0
github.com/papeben/Gatehouse/handlers.go:394.32,396.23 2 0
github.com/papeben/Gatehouse/handlers.go:396.23,398.5 1 0
github.com/papeben/Gatehouse/handlers.go:398.10,400.5 1 0
github.com/papeben/Gatehouse/handlers.go:401.9,403.4 1 0
github.com/papeben/Gatehouse/handlers.go:407.80,415.16 3 0
github.com/papeben/Gatehouse/handlers.go:419.2,419.19 1 0
github.com/papeben/Gatehouse/handlers.go:415.16,417.3 1 0
github.com/papeben/Gatehouse/handlers.go:419.19,422.3 2 0
github.com/papeben/Gatehouse/handlers.go:422.8,424.17 2 0
github.com/papeben/Gatehouse/handlers.go:427.3,430.27 3 0
github.com/papeben/Gatehouse/handlers.go:424.17,425.14 1 0
github.com/papeben/Gatehouse/handlers.go:430.27,433.4 2 0
github.com/papeben/Gatehouse/handlers.go:433.9,433.24 1 0
github.com/papeben/Gatehouse/handlers.go:433.24,434.14 1 0
github.com/papeben/Gatehouse/handlers.go:435.9,437.18 2 0
github.com/papeben/Gatehouse/handlers.go:437.18,438.15 1 0
github.com/papeben/Gatehouse/handlers.go:439.10,439.31 1 0
github.com/papeben/Gatehouse/handlers.go:439.31,441.19 2 0
github.com/papeben/Gatehouse/handlers.go:444.5,445.19 2 0
github.com/papeben/Gatehouse/handlers.go:441.19,442.16 1 0
github.com/papeben/Gatehouse/handlers.go:445.19,446.16 1 0
github.com/papeben/Gatehouse/handlers.go:448.10,450.19 2 0
github.com/papeben/Gatehouse/handlers.go:450.19,451.16 1 0
github.com/papeben/Gatehouse/main.go:50.13,79.16 4 0
github.com/papeben/Gatehouse/main.go:83.2,84.16 2 0
github.com/papeben/Gatehouse/main.go:88.2,89.16 2 0
github.com/papeben/Gatehouse/main.go:93.2,97.81 4 0
github.com/papeben/Gatehouse/main.go:115.2,120.16 3 0
github.com/papeben/Gatehouse/main.go:79.16,80.13 1 0
github.com/papeben/Gatehouse/main.go:84.16,85.13 1 0
github.com/papeben/Gatehouse/main.go:89.16,90.13 1 0
github.com/papeben/Gatehouse/main.go:97.81,101.24 4 0
github.com/papeben/Gatehouse/main.go:104.3,104.21 1 0
github.com/papeben/Gatehouse/main.go:101.24,103.4 1 0
github.com/papeben/Gatehouse/main.go:104.21,106.4 1 0
github.com/papeben/Gatehouse/main.go:106.9,106.63 1 0
github.com/papeben/Gatehouse/main.go:106.63,108.4 1 0
github.com/papeben/Gatehouse/main.go:108.9,108.102 1 0
github.com/papeben/Gatehouse/main.go:108.102,110.4 1 0
github.com/papeben/Gatehouse/main.go:110.9,112.4 1 0
github.com/papeben/Gatehouse/main.go:120.16,121.13 1 0
github.com/papeben/Gatehouse/main.go:125.64,127.19 2 1
github.com/papeben/Gatehouse/main.go:127.19,129.3 1 1
github.com/papeben/Gatehouse/main.go:129.8,131.3 1 1
github.com/papeben/Gatehouse/main.go:134.21,136.16 2 1
github.com/papeben/Gatehouse/main.go:139.2,142.16 4 1
github.com/papeben/Gatehouse/main.go:145.2,146.16 2 1
github.com/papeben/Gatehouse/main.go:149.2,150.16 2 1
github.com/papeben/Gatehouse/main.go:153.2,154.16 2 1
github.com/papeben/Gatehouse/main.go:157.2,158.16 2 1
github.com/papeben/Gatehouse/main.go:161.2,162.16 2 1
github.com/papeben/Gatehouse/main.go:136.16,137.13 1 0
github.com/papeben/Gatehouse/main.go:142.16,143.13 1 0
github.com/papeben/Gatehouse/main.go:146.16,147.13 1 0
github.com/papeben/Gatehouse/main.go:150.16,151.13 1 0
github.com/papeben/Gatehouse/main.go:154.16,155.13 1 0
github.com/papeben/Gatehouse/main.go:158.16,159.13 1 0
github.com/papeben/Gatehouse/main.go:162.16,163.13 1 0
github.com/papeben/Gatehouse/authentication.go:15.96,19.16 3 0
github.com/papeben/Gatehouse/authentication.go:22.2,25.16 3 0
github.com/papeben/Gatehouse/authentication.go:29.2,31.60 3 0
github.com/papeben/Gatehouse/authentication.go:19.16,20.13 1 0
github.com/papeben/Gatehouse/authentication.go:25.16,26.13 1 0
github.com/papeben/Gatehouse/authentication.go:34.47,36.16 2 1
github.com/papeben/Gatehouse/authentication.go:39.2,43.40 4 1
github.com/papeben/Gatehouse/authentication.go:36.16,37.13 1 0
github.com/papeben/Gatehouse/authentication.go:43.40,45.3 1 1
github.com/papeben/Gatehouse/authentication.go:45.8,45.23 1 1
github.com/papeben/Gatehouse/authentication.go:45.23,46.13 1 0
github.com/papeben/Gatehouse/authentication.go:47.8,49.3 1 1
github.com/papeben/Gatehouse/authentication.go:52.53,54.16 2 1
github.com/papeben/Gatehouse/authentication.go:57.2,61.40 4 1
github.com/papeben/Gatehouse/authentication.go:54.16,55.13 1 0
github.com/papeben/Gatehouse/authentication.go:61.40,62.13 1 0
github.com/papeben/Gatehouse/authentication.go:63.8,63.51 1 1
github.com/papeben/Gatehouse/authentication.go:63.51,65.3 1 1
github.com/papeben/Gatehouse/authentication.go:65.8,67.3 1 1
github.com/papeben/Gatehouse/authentication.go:70.41,72.16 2 1
github.com/papeben/Gatehouse/authentication.go:75.2,78.26 4 1
github.com/papeben/Gatehouse/authentication.go:72.16,73.13 1 0
github.com/papeben/Gatehouse/authentication.go:78.26,80.3 1 0
github.com/papeben/Gatehouse/authentication.go:80.8,80.23 1 1
github.com/papeben/Gatehouse/authentication.go:80.23,81.13 1 0
github.com/papeben/Gatehouse/authentication.go:82.8,82.24 1 1
github.com/papeben/Gatehouse/authentication.go:82.24,84.3 1 1
github.com/papeben/Gatehouse/authentication.go:84.8,86.17 2 1
github.com/papeben/Gatehouse/authentication.go:89.3,89.14 1 1
github.com/papeben/Gatehouse/authentication.go:86.17,87.14 1 0
github.com/papeben/Gatehouse/authentication.go:93.78,96.16 3 0
github.com/papeben/Gatehouse/authentication.go:99.2,101.16 3 0
github.com/papeben/Gatehouse/authentication.go:105.2,121.16 3 0
github.com/papeben/Gatehouse/authentication.go:126.2,127.16 2 0
github.com/papeben/Gatehouse/authentication.go:96.16,97.13 1 0
github.com/papeben/Gatehouse/authentication.go:101.16,102.13 1 0
github.com/papeben/Gatehouse/authentication.go:121.16,122.13 1 0
github.com/papeben/Gatehouse/authentication.go:127.16,131.3 3 0
github.com/papeben/Gatehouse/authentication.go:134.61,139.23 3 1
github.com/papeben/Gatehouse/authentication.go:167.2,167.38 1 1
github.com/papeben/Gatehouse/authentication.go:176.2,189.16 4 1
github.com/papeben/Gatehouse/authentication.go:193.2,194.16 2 1
github.com/papeben/Gatehouse/authentication.go:198.2,199.16 2 1
github.com/papeben/Gatehouse/authentication.go:203.2,204.16 2 1
github.com/papeben/Gatehouse/authentication.go:209.2,210.16 2 1
github.com/papeben/Gatehouse/authentication.go:214.2,215.16 2 1
github.com/papeben/Gatehouse/authentication.go:219.2,219.12 1 1
github.com/papeben/Gatehouse/authentication.go:139.23,142.35 2 0
github.com/papeben/Gatehouse/authentication.go:146.3,151.17 3 0
github.com/papeben/Gatehouse/authentication.go:154.3,155.17 2 0
github.com/papeben/Gatehouse/authentication.go:142.35,144.4 1 0
github.com/papeben/Gatehouse/authentication.go:151.17,153.4 1 0
github.com/papeben/Gatehouse/authentication.go:155.17,157.4 1 0
github.com/papeben/Gatehouse/authentication.go:158.8,161.17 2 1
github.com/papeben/Gatehouse/authentication.go:161.17,163.4 1 0
github.com/papeben/Gatehouse/authentication.go:167.38,170.17 3 0
github.com/papeben/Gatehouse/authentication.go:170.17,172.4 1 0
github.com/papeben/Gatehouse/authentication.go:189.16,191.3 1 0
github.com/papeben/Gatehouse/authentication.go:194.16,196.3 1 0
github.com/papeben/Gatehouse/authentication.go:199.16,201.3 1 0
github.com/papeben/Gatehouse/authentication.go:204.16,206.3 1 0
github.com/papeben/Gatehouse/authentication.go:210.16,212.3 1 0
github.com/papeben/Gatehouse/authentication.go:215.16,217.3 1 0
github.com/papeben/Gatehouse/authentication.go:222.46,224.16 2 0
github.com/papeben/Gatehouse/authentication.go:227.2,232.16 5 0
github.com/papeben/Gatehouse/authentication.go:224.16,225.13 1 0
github.com/papeben/Gatehouse/authentication.go:232.16,233.27 1 0
github.com/papeben/Gatehouse/authentication.go:233.27,235.4 1 0
github.com/papeben/Gatehouse/authentication.go:235.9,236.14 1 0
github.com/papeben/Gatehouse/authentication.go:238.8,242.17 3 0
github.com/papeben/Gatehouse/authentication.go:246.3,262.17 3 0
github.com/papeben/Gatehouse/authentication.go:266.3,267.17 2 0
github.com/papeben/Gatehouse/authentication.go:272.3,272.14 1 0
github.com/papeben/Gatehouse/authentication.go:242.17,243.14 1 0
github.com/papeben/Gatehouse/authentication.go:262.17,263.14 1 0
github.com/papeben/Gatehouse/authentication.go:267.17,271.4 3 0
github.com/papeben/Gatehouse/authentication.go:276.41,278.16 2 1
github.com/papeben/Gatehouse/authentication.go:281.2,285.26 4 1
github.com/papeben/Gatehouse/authentication.go:278.16,279.13 1 0
github.com/papeben/Gatehouse/authentication.go:285.26,287.3 1 1
github.com/papeben/Gatehouse/authentication.go:287.8,287.23 1 1
github.com/papeben/Gatehouse/authentication.go:287.23,288.13 1 0
github.com/papeben/Gatehouse/authentication.go:289.8,291.3 1 1
github.com/papeben/Gatehouse/authentication.go:294.56,296.16 2 0
github.com/papeben/Gatehouse/authentication.go:299.2,305.26 6 0
github.com/papeben/Gatehouse/authentication.go:296.16,297.13 1 0
github.com/papeben/Gatehouse/authentication.go:305.26,307.3 1 0
github.com/papeben/Gatehouse/authentication.go:307.8,307.23 1 0
github.com/papeben/Gatehouse/authentication.go:307.23,308.13 1 0
github.com/papeben/Gatehouse/authentication.go:309.8,312.17 3 0
github.com/papeben/Gatehouse/authentication.go:315.3,315.14 1 0
github.com/papeben/Gatehouse/authentication.go:312.17,313.14 1 0
github.com/papeben/Gatehouse/authentication.go:319.47,321.11 2 1
github.com/papeben/Gatehouse/authentication.go:321.11,323.17 2 1
github.com/papeben/Gatehouse/authentication.go:326.3,330.17 4 1
github.com/papeben/Gatehouse/authentication.go:323.17,324.14 1 0
github.com/papeben/Gatehouse/authentication.go:330.17,331.28 1 1
github.com/papeben/Gatehouse/authentication.go:331.28,333.5 1 1
github.com/papeben/Gatehouse/authentication.go:333.10,334.15 1 0
github.com/papeben/Gatehouse/authentication.go:336.9,338.4 1 0
github.com/papeben/Gatehouse/authentication.go:339.8,341.3 1 1
github.com/papeben/Gatehouse/authentication.go:344.41,346.11 2 1
github.com/papeben/Gatehouse/authentication.go:346.11,348.17 2 1
github.com/papeben/Gatehouse/authentication.go:351.3,355.17 4 1
github.com/papeben/Gatehouse/authentication.go:348.17,349.14 1 0
github.com/papeben/Gatehouse/authentication.go:355.17,356.28 1 1
github.com/papeben/Gatehouse/authentication.go:356.28,358.5 1 1
github.com/papeben/Gatehouse/authentication.go:358.10,359.15 1 0
github.com/papeben/Gatehouse/authentication.go:361.9,363.4 1 1
github.com/papeben/Gatehouse/authentication.go:364.8,366.3 1 1
github.com/papeben/Gatehouse/authentication.go:369.44,371.23 1 1
github.com/papeben/Gatehouse/authentication.go:376.2,377.32 2 1
github.com/papeben/Gatehouse/authentication.go:383.2,383.19 1 1
github.com/papeben/Gatehouse/authentication.go:388.2,389.32 2 1
github.com/papeben/Gatehouse/authentication.go:395.2,395.15 1 1
github.com/papeben/Gatehouse/authentication.go:400.2,400.13 1 1
github.com/papeben/Gatehouse/authentication.go:371.23,373.3 1 1
github.com/papeben/Gatehouse/authentication.go:377.32,378.28 1 1
github.com/papeben/Gatehouse/authentication.go:378.28,380.9 2 1
github.com/papeben/Gatehouse/authentication.go:383.19,385.3 1 1
github.com/papeben/Gatehouse/authentication.go:389.32,390.28 1 1
github.com/papeben/Gatehouse/authentication.go:390.28,392.9 2 1
github.com/papeben/Gatehouse/authentication.go:395.15,397.3 1 1
github.com/papeben/Gatehouse/crypto.go:20.43,22.16 2 1
github.com/papeben/Gatehouse/crypto.go:25.2,25.22 1 1
github.com/papeben/Gatehouse/crypto.go:22.16,23.13 1 0
github.com/papeben/Gatehouse/crypto.go:28.52,31.2 2 1
github.com/papeben/Gatehouse/crypto.go:33.46,38.30 4 1
github.com/papeben/Gatehouse/crypto.go:47.2,47.22 1 1
github.com/papeben/Gatehouse/crypto.go:38.30,40.17 2 1
github.com/papeben/Gatehouse/crypto.go:44.3,44.34 1 1
github.com/papeben/Gatehouse/crypto.go:40.17,41.14 1 0
github.com/papeben/Gatehouse/crypto.go:50.47,55.30 4 1
github.com/papeben/Gatehouse/crypto.go:64.2,64.22 1 1
github.com/papeben/Gatehouse/crypto.go:55.30,57.17 2 1
github.com/papeben/Gatehouse/crypto.go:61.3,61.34 1 1
github.com/papeben/Gatehouse/crypto.go:57.17,58.14 1 0
github.com/papeben/Gatehouse/crypto.go:67.65,70.16 2 1
github.com/papeben/Gatehouse/crypto.go:75.2,79.26 3 1
github.com/papeben/Gatehouse/crypto.go:85.2,99.23 8 1
github.com/papeben/Gatehouse/crypto.go:103.2,103.21 1 1
github.com/papeben/Gatehouse/crypto.go:70.16,72.3 1 0
github.com/papeben/Gatehouse/crypto.go:79.26,82.3 2 1
github.com/papeben/Gatehouse/crypto.go:99.23,101.3 1 0
github.com/papeben/Gatehouse/crypto.go:106.33,110.16 3 1
github.com/papeben/Gatehouse/crypto.go:113.2,114.21 2 1
github.com/papeben/Gatehouse/crypto.go:110.16,111.13 1 0
github.com/papeben/Gatehouse/crypto.go:117.30,121.16 3 1
github.com/papeben/Gatehouse/crypto.go:124.2,128.26 4 1
github.com/papeben/Gatehouse/crypto.go:121.16,122.13 1 0
github.com/papeben/Gatehouse/crypto.go:128.26,130.3 1 1
github.com/papeben/Gatehouse/crypto.go:130.8,130.23 1 0
github.com/papeben/Gatehouse/crypto.go:130.23,131.13 1 0
github.com/papeben/Gatehouse/crypto.go:132.8,134.3 1 0
github.com/papeben/Gatehouse/crypto.go:137.36,140.16 3 1
github.com/papeben/Gatehouse/crypto.go:143.2,146.26 4 1
github.com/papeben/Gatehouse/crypto.go:140.16,141.13 1 0
github.com/papeben/Gatehouse/crypto.go:146.26,148.3 1 1
github.com/papeben/Gatehouse/crypto.go:148.8,148.23 1 0
github.com/papeben/Gatehouse/crypto.go:148.23,149.13 1 0
github.com/papeben/Gatehouse/crypto.go:150.8,152.3 1 0
github.com/papeben/Gatehouse/crypto.go:155.34,159.16 3 1
github.com/papeben/Gatehouse/crypto.go:162.2,166.26 4 1
github.com/papeben/Gatehouse/crypto.go:159.16,160.13 1 0
github.com/papeben/Gatehouse/crypto.go:166.26,168.3 1 1
github.com/papeben/Gatehouse/crypto.go:168.8,168.23 1 0
github.com/papeben/Gatehouse/crypto.go:168.23,169.13 1 0
github.com/papeben/Gatehouse/crypto.go:170.8,172.3 1 0
github.com/papeben/Gatehouse/crypto.go:175.39,179.16 3 0
github.com/papeben/Gatehouse/crypto.go:182.2,186.26 4 0
github.com/papeben/Gatehouse/crypto.go:179.16,180.13 1 0
github.com/papeben/Gatehouse/crypto.go:186.26,188.3 1 0
github.com/papeben/Gatehouse/crypto.go:188.8,188.23 1 0
github.com/papeben/Gatehouse/crypto.go:188.23,189.13 1 0
github.com/papeben/Gatehouse/crypto.go:190.8,192.3 1 0
github.com/papeben/Gatehouse/crypto.go:195.46,199.16 3 1
github.com/papeben/Gatehouse/crypto.go:202.2,206.26 4 1
github.com/papeben/Gatehouse/crypto.go:199.16,200.13 1 0
github.com/papeben/Gatehouse/crypto.go:206.26,208.3 1 1
github.com/papeben/Gatehouse/crypto.go:208.8,208.23 1 0
github.com/papeben/Gatehouse/crypto.go:208.23,209.13 1 0
github.com/papeben/Gatehouse/crypto.go:210.8,212.3 1 0
